0 info it worked if it ends with ok
1 verbose cli [ '/usr/bin/nodejs',
1 verbose cli   '/usr/bin/npm',
1 verbose cli   'run',
1 verbose cli   'peerjs',
1 verbose cli   '--port',
1 verbose cli   '9000',
1 verbose cli   '--key',
1 verbose cli   'peerjs' ]
2 info using npm@1.4.21
3 info using node@v0.10.29
4 error Error: ENOENT, open '/home/otrto/public/node_modules/peerjs/package.json'
5 error If you need help, you may report this *entire* log,
5 error including the npm and node versions, at:
5 error     <http://github.com/npm/npm/issues>
6 error System Linux 3.16.0-5-amd64
7 error command "/usr/bin/nodejs" "/usr/bin/npm" "run" "peerjs" "--port" "9000" "--key" "peerjs"
8 error cwd /home/otrto/public
9 error node -v v0.10.29
10 error npm -v 1.4.21
11 error path /home/otrto/public/node_modules/peerjs/package.json
12 error code ENOENT
13 error errno 34
14 verbose exit [ 34, true ]
